CRITICAL - 2022-07-05 15:21:21 --> stream_socket_enable_crypto(): Peer certificate CN=`gra107.truehost.cloud' did not match expected CN=`mail.iconect.co.ke'
#0 [internal function]: CodeIgniter\Debug\Exceptions->errorHandler()
#1 /home/techspir/iconect.co.ke/app/ThirdParty/swiftmailer/vendor/swiftmailer/swiftmailer/lib/classes/Swift/Transport/StreamBuffer.php(94): stream_socket_enable_crypto()
#2 /home/techspir/iconect.co.ke/app/ThirdParty/swiftmailer/vendor/swiftmailer/swiftmailer/lib/classes/Swift/Transport/EsmtpTransport.php(348): Swift_Transport_StreamBuffer->startTLS()
#3 /home/techspir/iconect.co.ke/app/ThirdParty/swiftmailer/vendor/swiftmailer/swiftmailer/lib/classes/Swift/Transport/AbstractSmtpTransport.php(148): Swift_Transport_EsmtpTransport->doHeloCommand()
#4 /home/techspir/iconect.co.ke/app/ThirdParty/swiftmailer/vendor/swiftmailer/swiftmailer/lib/classes/Swift/Mailer.php(65): Swift_Transport_AbstractSmtpTransport->start()
#5 /home/techspir/iconect.co.ke/app/Models/EmailModel.php(136): Swift_Mailer->send()
#6 /home/techspir/iconect.co.ke/app/Models/EmailModel.php(113): App\Models\EmailModel->sendEmailSwift()
#7 /home/techspir/iconect.co.ke/app/Models/EmailModel.php(23): App\Models\EmailModel->sendEmail()
#8 /home/techspir/iconect.co.ke/app/Controllers/AdminController.php(1424): App\Models\EmailModel->sendTestEmail()
#9 /home/techspir/iconect.co.ke/system/CodeIgniter.php(831): App\Controllers\AdminController->sendTestEmailPost()
#10 /home/techspir/iconect.co.ke/system/CodeIgniter.php(418): CodeIgniter\CodeIgniter->runController()
#11 /home/techspir/iconect.co.ke/system/CodeIgniter.php(325): CodeIgniter\CodeIgniter->handleRequest()
#12 /home/techspir/iconect.co.ke/index.php(47): CodeIgniter\CodeIgniter->run()
#13 {main}
CRITICAL - 2022-07-05 15:22:15 --> stream_socket_enable_crypto(): Peer certificate CN=`gra107.truehost.cloud' did not match expected CN=`mail.iconect.co.ke'
#0 [internal function]: CodeIgniter\Debug\Exceptions->errorHandler()
#1 /home/techspir/iconect.co.ke/app/ThirdParty/swiftmailer/vendor/swiftmailer/swiftmailer/lib/classes/Swift/Transport/StreamBuffer.php(94): stream_socket_enable_crypto()
#2 /home/techspir/iconect.co.ke/app/ThirdParty/swiftmailer/vendor/swiftmailer/swiftmailer/lib/classes/Swift/Transport/EsmtpTransport.php(348): Swift_Transport_StreamBuffer->startTLS()
#3 /home/techspir/iconect.co.ke/app/ThirdParty/swiftmailer/vendor/swiftmailer/swiftmailer/lib/classes/Swift/Transport/AbstractSmtpTransport.php(148): Swift_Transport_EsmtpTransport->doHeloCommand()
#4 /home/techspir/iconect.co.ke/app/ThirdParty/swiftmailer/vendor/swiftmailer/swiftmailer/lib/classes/Swift/Mailer.php(65): Swift_Transport_AbstractSmtpTransport->start()
#5 /home/techspir/iconect.co.ke/app/Models/EmailModel.php(136): Swift_Mailer->send()
#6 /home/techspir/iconect.co.ke/app/Models/EmailModel.php(113): App\Models\EmailModel->sendEmailSwift()
#7 /home/techspir/iconect.co.ke/app/Models/EmailModel.php(23): App\Models\EmailModel->sendEmail()
#8 /home/techspir/iconect.co.ke/app/Controllers/AdminController.php(1424): App\Models\EmailModel->sendTestEmail()
#9 /home/techspir/iconect.co.ke/system/CodeIgniter.php(831): App\Controllers\AdminController->sendTestEmailPost()
#10 /home/techspir/iconect.co.ke/system/CodeIgniter.php(418): CodeIgniter\CodeIgniter->runController()
#11 /home/techspir/iconect.co.ke/system/CodeIgniter.php(325): CodeIgniter\CodeIgniter->handleRequest()
#12 /home/techspir/iconect.co.ke/index.php(47): CodeIgniter\CodeIgniter->run()
#13 {main}
